<?xml version="1.0" encoding="UTF-8"?>
<testng-results skipped="1" failed="0" total="1" passed="0">
  <reporter-output>
  </reporter-output>
  <suite name="Default suite" duration-ms="186" started-at="2020-07-09T09:38:46Z" finished-at="2020-07-09T09:38:46Z">
    <groups>
    </groups>
    <test name="Default test" duration-ms="186" started-at="2020-07-09T09:38:46Z" finished-at="2020-07-09T09:38:46Z">
      <class name="com.zibal.framework.testScript.TC001">
        <test-method status="FAIL" signature="open(java.lang.String, java.lang.String)[pri:0, instance:com.zibal.framework.testScript.TC001@63355449]" name="open" is-config="true" duration-ms="0" started-at="2020-07-09T15:08:46Z" finished-at="2020-07-09T15:08:46Z">
          <exception class="org.testng.TestNGException">
            <message>
              <![CDATA[
Parameter 'BROWSER' is required by @Configuration on method open but has not been marked @Optional or defined
in C:\Users\Admin\AppData\Local\Temp\testng-eclipse--1914407097\testng-customsuite.xml]]>
            </message>
            <full-stacktrace>
              <![CDATA[org.testng.TestNGException: 
Parameter 'BROWSER' is required by @Configuration on method open but has not been marked @Optional or defined
in C:\Users\Admin\AppData\Local\Temp\testng-eclipse--1914407097\testng-customsuite.xml
	at org.testng.internal.Parameters.createParameters(Parameters.java:156)
	at org.testng.internal.Parameters.createParameters(Parameters.java:363)
	at org.testng.internal.Parameters.createConfigurationParameters(Parameters.java:86)
	at org.testng.internal.Invoker.invokeConfigurations(Invoker.java:202)
	at org.testng.internal.Invoker.invokeMethod(Invoker.java:590)
	at org.testng.internal.Invoker.invokeTestMethod(Invoker.java:811)
	at org.testng.internal.Invoker.invokeTestMethods(Invoker.java:1129)
	at org.testng.internal.TestMethodWorker.invokeTestMethods(TestMethodWorker.java:129)
	at org.testng.internal.TestMethodWorker.run(TestMethodWorker.java:112)
	at org.testng.TestRunner.privateRun(TestRunner.java:746)
	at org.testng.TestRunner.run(TestRunner.java:600)
	at org.testng.SuiteRunner.runTest(SuiteRunner.java:366)
	at org.testng.SuiteRunner.runSequentially(SuiteRunner.java:361)
	at org.testng.SuiteRunner.privateRun(SuiteRunner.java:319)
	at org.testng.SuiteRunner.run(SuiteRunner.java:268)
	at org.testng.SuiteRunnerWorker.runSuite(SuiteRunnerWorker.java:52)
	at org.testng.SuiteRunnerWorker.run(SuiteRunnerWorker.java:86)
	at org.testng.TestNG.runSuitesSequentially(TestNG.java:1264)
	at org.testng.TestNG.runSuitesLocally(TestNG.java:1189)
	at org.testng.TestNG.runSuites(TestNG.java:1104)
	at org.testng.TestNG.run(TestNG.java:1076)
	at org.testng.remote.AbstractRemoteTestNG.run(AbstractRemoteTestNG.java:126)
	at org.testng.remote.RemoteTestNG.initAndRun(RemoteTestNG.java:152)
	at org.testng.remote.RemoteTestNG.main(RemoteTestNG.java:57)
]]>
            </full-stacktrace>
          </exception> <!-- org.testng.TestNGException -->
          <reporter-output>
          </reporter-output>
        </test-method> <!-- open -->
        <test-method status="SKIP" signature="validateAddCartFunctionality()[pri:0, instance:com.zibal.framework.testScript.TC001@63355449]" name="validateAddCartFunctionality" duration-ms="34" started-at="2020-07-09T15:08:46Z" finished-at="2020-07-09T15:08:46Z">
          <reporter-output>
          </reporter-output>
        </test-method> <!-- validateAddCartFunctionality -->
        <test-method status="SKIP" signature="close()[pri:0, instance:com.zibal.framework.testScript.TC001@63355449]" name="close" is-config="true" duration-ms="0" started-at="2020-07-09T15:08:46Z" finished-at="2020-07-09T15:08:46Z">
          <reporter-output>
          </reporter-output>
        </test-method> <!-- close -->
      </class> <!-- com.zibal.framework.testScript.TC001 -->
    </test> <!-- Default test -->
  </suite> <!-- Default suite -->
</testng-results>
